2004.11.29 00:39 B C:\public_html\photos\index.htm --> myfiles.eclipse.co.uk /www.channing.eclipse.co.uk/minc/photos index.htm
2004.11.29 00:39 B C:\public_html\photos\ivanhobbes.htm --> myfiles.eclipse.co.uk /www.channing.eclipse.co.uk/minc/photos ivanhobbes.htm
2004.11.29 00:39 B C:\public_html\photos\winterpark.htm --> myfiles.eclipse.co.uk /www.channing.eclipse.co.uk/minc/photos winterpark.htm
2004.11.29 00:59 B C:\public_html\photos\ivanhobbes.htm --> myfiles.eclipse.co.uk /www.channing.eclipse.co.uk/minc/photos ivanhobbes.htm
2004.11.29 00:59 B C:\public_html\photos\winterpark.htm --> myfiles.eclipse.co.uk /www.channing.eclipse.co.uk/minc/photos winterpark.htm
2004.11.29 01:01 B C:\public_html\photos\ivanhobbes.htm --> myfiles.eclipse.co.uk /www.channing.eclipse.co.uk/minc/photos ivanhobbes.htm
2004.12.11 17:28 B C:\public_html\photos\athens.htm --> myfiles.eclipse.co.uk /www.channing.eclipse.co.uk/minc/photos athens.htm
2004.12.11 17:28 B C:\public_html\photos\index.htm --> myfiles.eclipse.co.uk /www.channing.eclipse.co.uk/minc/photos index.htm
2004.12.11 17:28 B C:\public_html\photos\ivanhobbes.htm --> myfiles.eclipse.co.uk /www.channing.eclipse.co.uk/minc/photos ivanhobbes.htm
2004.12.11 17:28 B C:\public_html\photos\winterpark.htm --> myfiles.eclipse.co.uk /www.channing.eclipse.co.uk/minc/photos winterpark.htm
2004.12.12 21:35 B C:\public_html\photos\athens.htm --> myfiles.eclipse.co.uk /www.channing.eclipse.co.uk/minc/photos athens.htm
2004.12.12 21:35 B C:\public_html\photos\ivanhobbes.htm --> myfiles.eclipse.co.uk /www.channing.eclipse.co.uk/minc/photos ivanhobbes.htm
2004.12.12 21:35 B C:\public_html\photos\winterpark.htm --> myfiles.eclipse.co.uk /www.channing.eclipse.co.uk/minc/photos winterpark.htm
2005.01.11 22:35 B C:\public_html\photos\ivanhobbes.htm --> myfiles.eclipse.co.uk /www.channing.eclipse.co.uk/minc/photos ivanhobbes.htm
2005.03.20 21:19 B C:\public_html\photos\athens.htm --> myfiles.eclipse.co.uk /www.channing.eclipse.co.uk/minc/photos athens.htm
2005.03.20 21:19 B C:\public_html\photos\index.htm --> myfiles.eclipse.co.uk /www.channing.eclipse.co.uk/minc/photos index.htm
2005.03.20 21:19 B C:\public_html\photos\ivanhobbes.htm --> myfiles.eclipse.co.uk /www.channing.eclipse.co.uk/minc/photos ivanhobbes.htm
2005.03.20 21:19 B C:\public_html\photos\winterpark.htm --> myfiles.eclipse.co.uk /www.channing.eclipse.co.uk/minc/photos winterpark.htm
2005.07.25 00:24 B C:\public_html\photos\athens.htm --> ftp.eclipse.co.uk /www.channing.eclipse.co.uk/minc/photos athens.htm
2005.07.25 00:24 B C:\public_html\photos\index.htm --> ftp.eclipse.co.uk /www.channing.eclipse.co.uk/minc/photos index.htm
2005.07.25 00:24 B C:\public_html\photos\ios.htm --> ftp.eclipse.co.uk /www.channing.eclipse.co.uk/minc/photos ios.htm
2005.07.25 00:24 B C:\public_html\photos\ivanhobbes.htm --> ftp.eclipse.co.uk /www.channing.eclipse.co.uk/minc/photos ivanhobbes.htm
2005.07.25 00:24 B C:\public_html\photos\winterpark.htm --> ftp.eclipse.co.uk /www.channing.eclipse.co.uk/minc/photos winterpark.htm
2005.08.20 11:00 B C:\public_html\photos\athens.htm --> ftp.eclipse.co.uk /www.channing.eclipse.co.uk/minc/photos athens.htm
2005.08.20 11:00 B C:\public_html\photos\index.htm --> ftp.eclipse.co.uk /www.channing.eclipse.co.uk/minc/photos index.htm
2005.08.20 11:00 B C:\public_html\photos\ios.htm --> ftp.eclipse.co.uk /www.channing.eclipse.co.uk/minc/photos ios.htm
2005.08.20 11:00 B C:\public_html\photos\ivanhobbes.htm --> ftp.eclipse.co.uk /www.channing.eclipse.co.uk/minc/photos ivanhobbes.htm
2005.08.20 11:00 B C:\public_html\photos\winterpark.htm --> ftp.eclipse.co.uk /www.channing.eclipse.co.uk/minc/photos winterpark.htm
2005.08.20 11:20 B C:\public_html\photos\athens.htm --> ftp.eclipse.co.uk /www.channing.eclipse.co.uk/minc/photos athens.htm
2005.08.20 11:20 B C:\public_html\photos\index.htm --> ftp.eclipse.co.uk /www.channing.eclipse.co.uk/minc/photos index.htm
2005.08.20 11:20 B C:\public_html\photos\ios.htm --> ftp.eclipse.co.uk /www.channing.eclipse.co.uk/minc/photos ios.htm
2005.08.20 11:20 B C:\public_html\photos\ivanhobbes.htm --> ftp.eclipse.co.uk /www.channing.eclipse.co.uk/minc/photos ivanhobbes.htm
2005.08.20 11:20 B C:\public_html\photos\winterpark.htm --> ftp.eclipse.co.uk /www.channing.eclipse.co.uk/minc/photos winterpark.htm
2005.09.25 16:43 B C:\public_html\photos\index.htm --> ftp.eclipse.co.uk /www.channing.eclipse.co.uk/minc/photos index.htm
2005.09.25 16:43 B C:\public_html\photos\croatia.htm --> ftp.eclipse.co.uk /www.channing.eclipse.co.uk/minc/photos croatia.htm
2005.09.25 20:23 B C:\public_html\photos\ios.htm --> ftp.eclipse.co.uk /www.channing.eclipse.co.uk/minc/photos ios.htm
2005.09.25 20:23 B C:\public_html\photos\index.htm --> ftp.eclipse.co.uk /www.channing.eclipse.co.uk/minc/photos index.htm
2005.09.25 20:34 B C:\public_html\photos\ios.htm --> ftp.eclipse.co.uk /www.channing.eclipse.co.uk/minc/photos ios.htm
2005.10.23 03:24 B C:\public_html\photos\athens.htm --> ftp.eclipse.co.uk /www.channing.eclipse.co.uk/minc/photos athens.htm
2005.10.23 03:24 B C:\public_html\photos\croatia.htm --> ftp.eclipse.co.uk /www.channing.eclipse.co.uk/minc/photos croatia.htm
2005.10.23 03:24 B C:\public_html\photos\index.htm --> ftp.eclipse.co.uk /www.channing.eclipse.co.uk/minc/photos index.htm
2005.10.23 03:24 B C:\public_html\photos\ios.htm --> ftp.eclipse.co.uk /www.channing.eclipse.co.uk/minc/photos ios.htm
2005.10.23 03:24 B C:\public_html\photos\ivanhobbes.htm --> ftp.eclipse.co.uk /www.channing.eclipse.co.uk/minc/photos ivanhobbes.htm
2005.10.23 03:24 B C:\public_html\photos\winterpark.htm --> ftp.eclipse.co.uk /www.channing.eclipse.co.uk/minc/photos winterpark.htm
2005.10.23 12:19 B C:\public_html\photos\athens.htm --> ftp.eclipse.co.uk /www.channing.eclipse.co.uk/minc/photos athens.htm
2005.10.23 12:19 B C:\public_html\photos\croatia.htm --> ftp.eclipse.co.uk /www.channing.eclipse.co.uk/minc/photos croatia.htm
2005.10.23 12:19 B C:\public_html\photos\index.htm --> ftp.eclipse.co.uk /www.channing.eclipse.co.uk/minc/photos index.htm
2005.10.23 12:19 B C:\public_html\photos\ios.htm --> ftp.eclipse.co.uk /www.channing.eclipse.co.uk/minc/photos ios.htm
2005.10.23 12:19 B C:\public_html\photos\ivanhobbes.htm --> ftp.eclipse.co.uk /www.channing.eclipse.co.uk/minc/photos ivanhobbes.htm
2005.10.23 12:19 B C:\public_html\photos\winterpark.htm --> ftp.eclipse.co.uk /www.channing.eclipse.co.uk/minc/photos winterpark.htm
2005.11.05 14:13 B C:\public_html\photos\athens.htm --> ftp.eclipse.co.uk /www.channing.eclipse.co.uk/minc/photos athens.htm
2005.11.05 14:13 B C:\public_html\photos\croatia.htm --> ftp.eclipse.co.uk /www.channing.eclipse.co.uk/minc/photos croatia.htm
2005.11.05 14:13 B C:\public_html\photos\index.htm --> ftp.eclipse.co.uk /www.channing.eclipse.co.uk/minc/photos index.htm
2005.11.05 14:13 B C:\public_html\photos\ios.htm --> ftp.eclipse.co.uk /www.channing.eclipse.co.uk/minc/photos ios.htm
2005.11.05 14:13 B C:\public_html\photos\ivanhobbes.htm --> ftp.eclipse.co.uk /www.channing.eclipse.co.uk/minc/photos ivanhobbes.htm
2005.11.05 14:13 B C:\public_html\photos\winterpark.htm --> ftp.eclipse.co.uk /www.channing.eclipse.co.uk/minc/photos winterpark.htm
2006.05.06 20:41 B C:\public_html\photos\athens.htm --> ftp.eclipse.co.uk /www.channing.eclipse.co.uk/minc/photos athens.htm
2006.05.06 20:41 B C:\public_html\photos\croatia.htm --> ftp.eclipse.co.uk /www.channing.eclipse.co.uk/minc/photos croatia.htm
2006.05.06 20:42 B C:\public_html\photos\index.htm --> ftp.eclipse.co.uk /www.channing.eclipse.co.uk/minc/photos index.htm
2006.05.06 20:42 B C:\public_html\photos\ios.htm --> ftp.eclipse.co.uk /www.channing.eclipse.co.uk/minc/photos ios.htm
2006.05.06 20:42 B C:\public_html\photos\ivanhobbes.htm --> ftp.eclipse.co.uk /www.channing.eclipse.co.uk/minc/photos ivanhobbes.htm
2006.05.06 20:42 B C:\public_html\photos\winterpark.htm --> ftp.eclipse.co.uk /www.channing.eclipse.co.uk/minc/photos winterpark.htm
